15:45:49.848 [JavaFX Application Thread] DEBUG GameApplication      - Logger initialized
15:45:50.296 [JavaFX Application Thread] DEBUG GameApplication      - Starting FXGL
15:45:50.296 [JavaFX Application Thread] INFO  Version              - FXGL-0.4.0
15:45:50.296 [JavaFX Application Thread] INFO  Version              - Source code and latest versions at: https://github.com/AlmasB/FXGL
15:45:50.296 [JavaFX Application Thread] INFO  Version              -              Join the FXGL chat at: https://gitter.im/AlmasB/FXGL
15:45:50.329 [FXGL Launcher Thread     ] DEBUG FXGL                 - Loading FXGL system data
15:45:50.335 [FXGL Launcher Thread     ] DEBUG IOTask               - Executing task: readDataTask(system/fxgl.bundle)
15:45:50.355 [FXGL Launcher Thread     ] DEBUG FS                   - Reading from: system/fxgl.bundle
15:45:50.369 [FXGL Launcher Thread     ] DEBUG IOTask               - Task succeeded: readDataTask(system/fxgl.bundle)
15:45:50.369 [FXGL Launcher Thread     ] DEBUG Bundle               - Logging bundle: FXGL
15:45:50.370 [FXGL Launcher Thread     ] DEBUG Bundle               - FXGL.offline.timer.version.check=2018-05-04T13:03:20.305
15:45:50.371 [FXGL Launcher Thread     ] DEBUG GameApplication      - FXGL configuration complete
15:45:50.374 [FXGL Launcher Thread     ] INFO  GameApplication      - FXGL configuration took:  0.074 sec
15:45:50.374 [FXGL Launcher Thread     ] DEBUG GameApplication      - Logging game settings
Title: Basic Game
Version: 0.0
Width: 800
Height: 600
Fullscreen: false
Intro: false
Menus: false
Profiling: false
Single step:false
App Mode: DEVELOPER
Menu Key: ESCAPE
Stage Style: DECORATED
Scene Factory: class com.almasb.fxgl.scene.SceneFactory
Dialog Factory: class com.almasb.fxgl.ui.FXGLDialogFactory
UI Factory: class com.almasb.fxgl.ui.FXGLUIFactory
Notification Service: class com.almasb.fxgl.gameplay.notification.XboxNotificationView
Exception Handler: class com.almasb.fxgl.app.FXGLExceptionHandler
15:45:50.425 [FXGL Launcher Thread     ] DEBUG GameApplication      - Configuring GameApplication
15:45:50.429 [FXGL Launcher Thread     ] DEBUG AppStateMachine      - Initializing application states
15:45:50.440 [FXGL Launcher Thread     ] DEBUG AssetLoader          - Loading from disk: /assets/ui/cursors/fxgl_default.png
15:45:50.461 [FXGL Launcher Thread     ] DEBUG AssetLoader          - Loading from disk: /assets/ui/cursors/fxgl_default.png
15:45:50.470 [FXGL Launcher Thread     ] DEBUG AssetLoader          - Loading from disk: /assets/sounds/core/notification.wav
15:45:50.515 [FXGL Launcher Thread     ] DEBUG AssetLoader          - Loading from disk: /assets/sounds/menu/select.wav
15:45:50.516 [FXGL Launcher Thread     ] DEBUG AssetLoader          - Loading from disk: /assets/sounds/menu/back.wav
15:45:50.517 [FXGL Launcher Thread     ] DEBUG AssetLoader          - Loading from disk: /assets/sounds/menu/press.wav
15:45:50.519 [FXGL Launcher Thread     ] DEBUG AssetLoader          - Loading from disk: /assets/ui/fonts/VarelaRound-Regular.ttf
15:45:50.537 [FXGL Launcher Thread     ] DEBUG AssetLoader          - Loading from disk: /assets/ui/fonts/lucida_console.ttf
15:45:50.542 [FXGL Launcher Thread     ] DEBUG AssetLoader          - Loading from disk: /assets/ui/css/fxgl_dark.css
15:45:50.542 [FXGL Launcher Thread     ] DEBUG AssetLoader          - Loading from disk: /assets/ui/icons/fxgl_icon.png
15:45:50.560 [FXGL Launcher Thread     ] DEBUG AssetLoader          - Loading from disk: /assets/ui/cursors/fxgl_default.png
15:45:50.579 [FXGL Launcher Thread     ] DEBUG FXGL.GameScene       - Game scene initialized: 800x600
15:45:50.582 [FXGL Launcher Thread     ] DEBUG FXGL.GameWorld       - Game world initialized
15:45:50.625 [FXGL Launcher Thread     ] DEBUG FXGL.PhysicsWorld    - Physics world initialized: appHeight=600, physics.ppm=50.0
15:45:50.643 [FXGL Launcher Thread     ] DEBUG Input                - Registered new binding: Pause - Esc
15:45:50.654 [FXGL Launcher Thread     ] INFO  GameApplication      - Game configuration took:  0.229 sec
15:45:50.655 [JavaFX Application Thread] DEBUG MainWindow           - Target size: 800.0 x 600.0 @ 1.0
15:45:50.655 [JavaFX Application Thread] DEBUG MainWindow           - New size:    800.0 x 600.0 @ 1.0
15:45:50.656 [JavaFX Application Thread] DEBUG MainWindow           - Opening main window
15:45:50.712 [JavaFX Application Thread] DEBUG MainWindow           - Root size:  800.0x600.0
15:45:50.713 [JavaFX Application Thread] DEBUG MainWindow           - Scene size: 800.0x600.0
15:45:50.713 [JavaFX Application Thread] DEBUG MainWindow           - Stage size: 800.0x622.0
15:45:50.713 [JavaFX Application Thread] DEBUG GameApplication      - Running preInit()
15:45:50.714 [JavaFX Application Thread] WARN  AnnotationParser     - Main has no package or contains uppercase letters. Disabling annotations processing
15:45:50.720 [JavaFX Application Thread] DEBUG Input                - Registered new binding: Screenshot - P
15:45:50.720 [JavaFX Application Thread] DEBUG Input                - Registered new binding: Dev Options - CTRL+0
15:45:50.722 [JavaFX Application Thread] DEBUG Input                - Registered new binding: Shoot - LMB
15:45:50.753 [JavaFX Application Thread] DEBUG GameApplication      - Starting main loop
15:45:50.768 [JavaFX Application Thread] DEBUG StartupState         - STARTUP
15:45:50.768 [JavaFX Application Thread] DEBUG GameApplication      - Starting new game
15:45:50.768 [JavaFX Application Thread] DEBUG Input                - Clearing active input actions
15:45:50.768 [JavaFX Application Thread] DEBUG AppStateMachine      - StartupState -> LoadingState
15:45:50.798 [JavaFX Application Thread] WARN  AnnotationParser     - Main has no package or contains uppercase letters. Disabling annotations processing
15:45:50.798 [JavaFX Application Thread] DEBUG InitAppTask          - Parsing annotations
15:45:50.805 [FXGL Background Thread 1 ] DEBUG InitAppTask          - Clearing previous game
15:45:50.806 [FXGL Background Thread 1 ] DEBUG FXGL.GameWorld       - Clearing game world
15:45:50.806 [FXGL Background Thread 1 ] DEBUG FXGL.PhysicsWorld    - Clearing physics world
15:45:50.807 [FXGL Background Thread 1 ] DEBUG FXGL.GameScene       - Clearing game scene
15:45:50.807 [FXGL Background Thread 1 ] DEBUG InitAppTask          - Initializing Assets
15:45:50.808 [FXGL Background Thread 1 ] DEBUG InitAppTask          - Initializing Game
15:45:50.857 [FXGL Background Thread 1 ] DEBUG FXGL.GameScene       - Creating render group for layer: TOP(2147483647)
15:45:50.861 [FXGL Background Thread 1 ] DEBUG InitAppTask          - Initializing Physics
15:45:50.862 [FXGL Background Thread 1 ] DEBUG InitAppTask          - Initializing UI
15:45:50.862 [FXGL Background Thread 1 ] DEBUG InitAppTask          - Initialization Complete
15:45:50.863 [FXGL Background Thread 1 ] INFO  InitAppTask          - Game initialization took: 0.057 sec
15:45:50.901 [JavaFX Application Thread] DEBUG Input                - Clearing active input actions
15:45:50.901 [JavaFX Application Thread] DEBUG AppStateMachine      - LoadingState -> PlayState
15:46:10.939 [JavaFX Application Thread] DEBUG GameApplication      - Exiting game application
15:46:10.940 [JavaFX Application Thread] DEBUG GameApplication      - Shutting down background threads
15:46:10.941 [JavaFX Application Thread] DEBUG GameApplication      - Exiting FXGL
15:46:10.941 [JavaFX Application Thread] DEBUG FXGL                 - Saving FXGL system data
15:46:10.942 [JavaFX Application Thread] DEBUG IOTask               - Executing task: writeDataTask(system/fxgl.bundle)
15:46:10.944 [JavaFX Application Thread] DEBUG FS                   - Writing to: system/fxgl.bundle
15:46:10.948 [JavaFX Application Thread] DEBUG IOTask               - Task succeeded: writeDataTask(system/fxgl.bundle)
15:46:10.948 [JavaFX Application Thread] DEBUG GameApplication      - Closing logger and exiting JavaFX
