15:35:14.528 [JavaFX Application Thread] DEBUG GameApplication      - Logger initialized
15:35:14.931 [JavaFX Application Thread] DEBUG GameApplication      - Starting FXGL
15:35:14.932 [JavaFX Application Thread] INFO  Version              - FXGL-0.4.0
15:35:14.932 [JavaFX Application Thread] INFO  Version              - Source code and latest versions at: https://github.com/AlmasB/FXGL
15:35:14.932 [JavaFX Application Thread] INFO  Version              -              Join the FXGL chat at: https://gitter.im/AlmasB/FXGL
15:35:14.966 [FXGL Launcher Thread     ] DEBUG FXGL                 - Loading FXGL system data
15:35:14.971 [FXGL Launcher Thread     ] DEBUG IOTask               - Executing task: readDataTask(system/fxgl.bundle)
15:35:14.992 [FXGL Launcher Thread     ] DEBUG FS                   - Reading from: system/fxgl.bundle
15:35:15.004 [FXGL Launcher Thread     ] DEBUG IOTask               - Task succeeded: readDataTask(system/fxgl.bundle)
15:35:15.004 [FXGL Launcher Thread     ] DEBUG Bundle               - Logging bundle: FXGL
15:35:15.005 [FXGL Launcher Thread     ] DEBUG Bundle               - FXGL.offline.timer.version.check=2018-05-04T13:03:20.305
15:35:15.006 [FXGL Launcher Thread     ] DEBUG GameApplication      - FXGL configuration complete
15:35:15.009 [FXGL Launcher Thread     ] INFO  GameApplication      - FXGL configuration took:  0.073 sec
15:35:15.010 [FXGL Launcher Thread     ] DEBUG GameApplication      - Logging game settings
Title: Basic Game
Version: 0.0
Width: 800
Height: 600
Fullscreen: false
Intro: false
Menus: false
Profiling: false
Single step:false
App Mode: DEVELOPER
Menu Key: ESCAPE
Stage Style: DECORATED
Scene Factory: class com.almasb.fxgl.scene.SceneFactory
Dialog Factory: class com.almasb.fxgl.ui.FXGLDialogFactory
UI Factory: class com.almasb.fxgl.ui.FXGLUIFactory
Notification Service: class com.almasb.fxgl.gameplay.notification.XboxNotificationView
Exception Handler: class com.almasb.fxgl.app.FXGLExceptionHandler
15:35:15.049 [FXGL Launcher Thread     ] DEBUG GameApplication      - Configuring GameApplication
15:35:15.054 [FXGL Launcher Thread     ] DEBUG AppStateMachine      - Initializing application states
15:35:15.063 [FXGL Launcher Thread     ] DEBUG AssetLoader          - Loading from disk: /assets/ui/cursors/fxgl_default.png
15:35:15.084 [FXGL Launcher Thread     ] DEBUG AssetLoader          - Loading from disk: /assets/ui/cursors/fxgl_default.png
15:35:15.092 [FXGL Launcher Thread     ] DEBUG AssetLoader          - Loading from disk: /assets/sounds/core/notification.wav
15:35:15.131 [FXGL Launcher Thread     ] DEBUG AssetLoader          - Loading from disk: /assets/sounds/menu/select.wav
15:35:15.132 [FXGL Launcher Thread     ] DEBUG AssetLoader          - Loading from disk: /assets/sounds/menu/back.wav
15:35:15.134 [FXGL Launcher Thread     ] DEBUG AssetLoader          - Loading from disk: /assets/sounds/menu/press.wav
15:35:15.136 [FXGL Launcher Thread     ] DEBUG AssetLoader          - Loading from disk: /assets/ui/fonts/VarelaRound-Regular.ttf
15:35:15.157 [FXGL Launcher Thread     ] DEBUG AssetLoader          - Loading from disk: /assets/ui/fonts/lucida_console.ttf
15:35:15.163 [FXGL Launcher Thread     ] DEBUG AssetLoader          - Loading from disk: /assets/ui/css/fxgl_dark.css
15:35:15.164 [FXGL Launcher Thread     ] DEBUG AssetLoader          - Loading from disk: /assets/ui/icons/fxgl_icon.png
15:35:15.185 [FXGL Launcher Thread     ] DEBUG AssetLoader          - Loading from disk: /assets/ui/cursors/fxgl_default.png
15:35:15.209 [FXGL Launcher Thread     ] DEBUG FXGL.GameScene       - Game scene initialized: 800x600
15:35:15.212 [FXGL Launcher Thread     ] DEBUG FXGL.GameWorld       - Game world initialized
15:35:15.263 [FXGL Launcher Thread     ] DEBUG FXGL.PhysicsWorld    - Physics world initialized: appHeight=600, physics.ppm=50.0
15:35:15.286 [FXGL Launcher Thread     ] DEBUG Input                - Registered new binding: Pause - Esc
15:35:15.298 [FXGL Launcher Thread     ] INFO  GameApplication      - Game configuration took:  0.248 sec
15:35:15.300 [JavaFX Application Thread] DEBUG MainWindow           - Target size: 800.0 x 600.0 @ 1.0
15:35:15.300 [JavaFX Application Thread] DEBUG MainWindow           - New size:    800.0 x 600.0 @ 1.0
15:35:15.300 [JavaFX Application Thread] DEBUG MainWindow           - Opening main window
15:35:15.362 [JavaFX Application Thread] DEBUG MainWindow           - Root size:  800.0x600.0
15:35:15.362 [JavaFX Application Thread] DEBUG MainWindow           - Scene size: 800.0x600.0
15:35:15.362 [JavaFX Application Thread] DEBUG MainWindow           - Stage size: 800.0x622.0
15:35:15.363 [JavaFX Application Thread] DEBUG GameApplication      - Running preInit()
15:35:15.363 [JavaFX Application Thread] WARN  AnnotationParser     - Main has no package or contains uppercase letters. Disabling annotations processing
15:35:15.369 [JavaFX Application Thread] DEBUG Input                - Registered new binding: Screenshot - P
15:35:15.369 [JavaFX Application Thread] DEBUG Input                - Registered new binding: Dev Options - CTRL+0
15:35:15.370 [JavaFX Application Thread] DEBUG Input                - Registered new binding: Shoot - LMB
15:35:15.402 [JavaFX Application Thread] DEBUG GameApplication      - Starting main loop
15:35:15.417 [JavaFX Application Thread] DEBUG StartupState         - STARTUP
15:35:15.418 [JavaFX Application Thread] DEBUG GameApplication      - Starting new game
15:35:15.418 [JavaFX Application Thread] DEBUG Input                - Clearing active input actions
15:35:15.418 [JavaFX Application Thread] DEBUG AppStateMachine      - StartupState -> LoadingState
15:35:15.447 [JavaFX Application Thread] WARN  AnnotationParser     - Main has no package or contains uppercase letters. Disabling annotations processing
15:35:15.447 [JavaFX Application Thread] DEBUG InitAppTask          - Parsing annotations
15:35:15.454 [FXGL Background Thread 1 ] DEBUG InitAppTask          - Clearing previous game
15:35:15.454 [FXGL Background Thread 1 ] DEBUG FXGL.GameWorld       - Clearing game world
15:35:15.455 [FXGL Background Thread 1 ] DEBUG FXGL.PhysicsWorld    - Clearing physics world
15:35:15.455 [FXGL Background Thread 1 ] DEBUG FXGL.GameScene       - Clearing game scene
15:35:15.455 [FXGL Background Thread 1 ] DEBUG InitAppTask          - Initializing Assets
15:35:15.456 [FXGL Background Thread 1 ] DEBUG InitAppTask          - Initializing Game
15:35:15.503 [FXGL Background Thread 1 ] DEBUG FXGL.GameScene       - Creating render group for layer: TOP(2147483647)
15:35:15.508 [FXGL Background Thread 1 ] DEBUG InitAppTask          - Initializing Physics
15:35:15.508 [FXGL Background Thread 1 ] DEBUG InitAppTask          - Initializing UI
15:35:15.509 [FXGL Background Thread 1 ] DEBUG InitAppTask          - Initialization Complete
15:35:15.509 [FXGL Background Thread 1 ] INFO  InitAppTask          - Game initialization took: 0.055 sec
15:35:15.548 [JavaFX Application Thread] DEBUG Input                - Clearing active input actions
15:35:15.548 [JavaFX Application Thread] DEBUG AppStateMachine      - LoadingState -> PlayState
15:35:55.832 [JavaFX Application Thread] DEBUG GameApplication      - Exiting game application
15:35:55.834 [JavaFX Application Thread] DEBUG GameApplication      - Shutting down background threads
15:35:55.834 [JavaFX Application Thread] DEBUG GameApplication      - Exiting FXGL
15:35:55.834 [JavaFX Application Thread] DEBUG FXGL                 - Saving FXGL system data
15:35:55.835 [JavaFX Application Thread] DEBUG IOTask               - Executing task: writeDataTask(system/fxgl.bundle)
15:35:55.838 [JavaFX Application Thread] DEBUG FS                   - Writing to: system/fxgl.bundle
15:35:55.841 [JavaFX Application Thread] DEBUG IOTask               - Task succeeded: writeDataTask(system/fxgl.bundle)
15:35:55.841 [JavaFX Application Thread] DEBUG GameApplication      - Closing logger and exiting JavaFX
