14:55:35.240 [JavaFX Application Thread] DEBUG GameApplication      - Logger initialized
14:55:35.698 [JavaFX Application Thread] DEBUG GameApplication      - Starting FXGL
14:55:35.698 [JavaFX Application Thread] INFO  Version              - FXGL-0.4.0
14:55:35.699 [JavaFX Application Thread] INFO  Version              - Source code and latest versions at: https://github.com/AlmasB/FXGL
14:55:35.699 [JavaFX Application Thread] INFO  Version              -              Join the FXGL chat at: https://gitter.im/AlmasB/FXGL
14:55:35.736 [FXGL Launcher Thread     ] DEBUG FXGL                 - Loading FXGL system data
14:55:35.742 [FXGL Launcher Thread     ] DEBUG IOTask               - Executing task: readDataTask(system/fxgl.bundle)
14:55:35.765 [FXGL Launcher Thread     ] DEBUG FS                   - Reading from: system/fxgl.bundle
14:55:35.780 [FXGL Launcher Thread     ] DEBUG IOTask               - Task succeeded: readDataTask(system/fxgl.bundle)
14:55:35.781 [FXGL Launcher Thread     ] DEBUG Bundle               - Logging bundle: FXGL
14:55:35.782 [FXGL Launcher Thread     ] DEBUG Bundle               - FXGL.offline.timer.version.check=2018-05-04T13:03:20.305
14:55:35.782 [FXGL Launcher Thread     ] DEBUG GameApplication      - FXGL configuration complete
14:55:35.786 [FXGL Launcher Thread     ] INFO  GameApplication      - FXGL configuration took:  0.083 sec
14:55:35.786 [FXGL Launcher Thread     ] DEBUG GameApplication      - Logging game settings
Title: Basic Game
Version: 0.0
Width: 800
Height: 600
Fullscreen: false
Intro: false
Menus: false
Profiling: false
Single step:false
App Mode: DEVELOPER
Menu Key: ESCAPE
Stage Style: DECORATED
Scene Factory: class com.almasb.fxgl.scene.SceneFactory
Dialog Factory: class com.almasb.fxgl.ui.FXGLDialogFactory
UI Factory: class com.almasb.fxgl.ui.FXGLUIFactory
Notification Service: class com.almasb.fxgl.gameplay.notification.XboxNotificationView
Exception Handler: class com.almasb.fxgl.app.FXGLExceptionHandler
14:55:35.836 [FXGL Launcher Thread     ] DEBUG GameApplication      - Configuring GameApplication
14:55:35.840 [FXGL Launcher Thread     ] DEBUG AppStateMachine      - Initializing application states
14:55:35.853 [FXGL Launcher Thread     ] DEBUG AssetLoader          - Loading from disk: /assets/ui/cursors/fxgl_default.png
14:55:35.878 [FXGL Launcher Thread     ] DEBUG AssetLoader          - Loading from disk: /assets/ui/cursors/fxgl_default.png
14:55:35.888 [FXGL Launcher Thread     ] DEBUG AssetLoader          - Loading from disk: /assets/sounds/core/notification.wav
14:55:35.941 [FXGL Launcher Thread     ] DEBUG AssetLoader          - Loading from disk: /assets/sounds/menu/select.wav
14:55:35.942 [FXGL Launcher Thread     ] DEBUG AssetLoader          - Loading from disk: /assets/sounds/menu/back.wav
14:55:35.944 [FXGL Launcher Thread     ] DEBUG AssetLoader          - Loading from disk: /assets/sounds/menu/press.wav
14:55:35.946 [FXGL Launcher Thread     ] DEBUG AssetLoader          - Loading from disk: /assets/ui/fonts/VarelaRound-Regular.ttf
14:55:35.964 [FXGL Launcher Thread     ] DEBUG AssetLoader          - Loading from disk: /assets/ui/fonts/lucida_console.ttf
14:55:35.969 [FXGL Launcher Thread     ] DEBUG AssetLoader          - Loading from disk: /assets/ui/css/fxgl_dark.css
14:55:35.969 [FXGL Launcher Thread     ] DEBUG AssetLoader          - Loading from disk: /assets/ui/icons/fxgl_icon.png
14:55:35.987 [FXGL Launcher Thread     ] DEBUG AssetLoader          - Loading from disk: /assets/ui/cursors/fxgl_default.png
14:55:36.011 [FXGL Launcher Thread     ] DEBUG FXGL.GameScene       - Game scene initialized: 800x600
14:55:36.014 [FXGL Launcher Thread     ] DEBUG FXGL.GameWorld       - Game world initialized
14:55:36.064 [FXGL Launcher Thread     ] DEBUG FXGL.PhysicsWorld    - Physics world initialized: appHeight=600, physics.ppm=50.0
14:55:36.086 [FXGL Launcher Thread     ] DEBUG Input                - Registered new binding: Pause - Esc
14:55:36.099 [FXGL Launcher Thread     ] INFO  GameApplication      - Game configuration took:  0.263 sec
14:55:36.101 [JavaFX Application Thread] DEBUG MainWindow           - Target size: 800.0 x 600.0 @ 1.0
14:55:36.101 [JavaFX Application Thread] DEBUG MainWindow           - New size:    800.0 x 600.0 @ 1.0
14:55:36.101 [JavaFX Application Thread] DEBUG MainWindow           - Opening main window
14:55:36.163 [JavaFX Application Thread] DEBUG MainWindow           - Root size:  800.0x600.0
14:55:36.163 [JavaFX Application Thread] DEBUG MainWindow           - Scene size: 800.0x600.0
14:55:36.163 [JavaFX Application Thread] DEBUG MainWindow           - Stage size: 800.0x622.0
14:55:36.163 [JavaFX Application Thread] DEBUG GameApplication      - Running preInit()
14:55:36.164 [JavaFX Application Thread] WARN  AnnotationParser     - Main has no package or contains uppercase letters. Disabling annotations processing
14:55:36.170 [JavaFX Application Thread] DEBUG Input                - Registered new binding: Screenshot - P
14:55:36.170 [JavaFX Application Thread] DEBUG Input                - Registered new binding: Dev Options - CTRL+0
14:55:36.172 [JavaFX Application Thread] DEBUG Input                - Registered new binding: Shoot - LMB
14:55:36.203 [JavaFX Application Thread] DEBUG GameApplication      - Starting main loop
14:55:36.219 [JavaFX Application Thread] DEBUG StartupState         - STARTUP
14:55:36.219 [JavaFX Application Thread] DEBUG GameApplication      - Starting new game
14:55:36.220 [JavaFX Application Thread] DEBUG Input                - Clearing active input actions
14:55:36.220 [JavaFX Application Thread] DEBUG AppStateMachine      - StartupState -> LoadingState
14:55:36.250 [JavaFX Application Thread] WARN  AnnotationParser     - Main has no package or contains uppercase letters. Disabling annotations processing
14:55:36.250 [JavaFX Application Thread] DEBUG InitAppTask          - Parsing annotations
14:55:36.257 [FXGL Background Thread 1 ] DEBUG InitAppTask          - Clearing previous game
14:55:36.257 [FXGL Background Thread 1 ] DEBUG FXGL.GameWorld       - Clearing game world
14:55:36.258 [FXGL Background Thread 1 ] DEBUG FXGL.PhysicsWorld    - Clearing physics world
14:55:36.258 [FXGL Background Thread 1 ] DEBUG FXGL.GameScene       - Clearing game scene
14:55:36.259 [FXGL Background Thread 1 ] DEBUG InitAppTask          - Initializing Assets
14:55:36.260 [FXGL Background Thread 1 ] DEBUG InitAppTask          - Initializing Game
14:55:36.308 [FXGL Background Thread 1 ] DEBUG FXGL.GameScene       - Creating render group for layer: TOP(2147483647)
14:55:36.312 [FXGL Background Thread 1 ] DEBUG InitAppTask          - Initializing Physics
14:55:36.313 [FXGL Background Thread 1 ] DEBUG InitAppTask          - Initializing UI
14:55:36.313 [FXGL Background Thread 1 ] DEBUG InitAppTask          - Initialization Complete
14:55:36.313 [FXGL Background Thread 1 ] INFO  InitAppTask          - Game initialization took: 0.056 sec
14:55:36.355 [JavaFX Application Thread] DEBUG Input                - Clearing active input actions
14:55:36.355 [JavaFX Application Thread] DEBUG AppStateMachine      - LoadingState -> PlayState
14:56:07.401 [JavaFX Application Thread] DEBUG GameApplication      - Exiting game application
14:56:07.402 [JavaFX Application Thread] DEBUG GameApplication      - Shutting down background threads
14:56:07.403 [JavaFX Application Thread] DEBUG GameApplication      - Exiting FXGL
14:56:07.403 [JavaFX Application Thread] DEBUG FXGL                 - Saving FXGL system data
14:56:07.404 [JavaFX Application Thread] DEBUG IOTask               - Executing task: writeDataTask(system/fxgl.bundle)
14:56:07.406 [JavaFX Application Thread] DEBUG FS                   - Writing to: system/fxgl.bundle
14:56:07.409 [JavaFX Application Thread] DEBUG IOTask               - Task succeeded: writeDataTask(system/fxgl.bundle)
14:56:07.409 [JavaFX Application Thread] DEBUG GameApplication      - Closing logger and exiting JavaFX
