14:41:10.752 [JavaFX Application Thread] DEBUG GameApplication      - Logger initialized
14:41:11.221 [JavaFX Application Thread] DEBUG GameApplication      - Starting FXGL
14:41:11.222 [JavaFX Application Thread] INFO  Version              - FXGL-0.4.0
14:41:11.222 [JavaFX Application Thread] INFO  Version              - Source code and latest versions at: https://github.com/AlmasB/FXGL
14:41:11.222 [JavaFX Application Thread] INFO  Version              -              Join the FXGL chat at: https://gitter.im/AlmasB/FXGL
14:41:11.262 [FXGL Launcher Thread     ] DEBUG FXGL                 - Loading FXGL system data
14:41:11.267 [FXGL Launcher Thread     ] DEBUG IOTask               - Executing task: readDataTask(system/fxgl.bundle)
14:41:11.294 [FXGL Launcher Thread     ] DEBUG FS                   - Reading from: system/fxgl.bundle
14:41:11.310 [FXGL Launcher Thread     ] DEBUG IOTask               - Task succeeded: readDataTask(system/fxgl.bundle)
14:41:11.310 [FXGL Launcher Thread     ] DEBUG Bundle               - Logging bundle: FXGL
14:41:11.311 [FXGL Launcher Thread     ] DEBUG Bundle               - FXGL.offline.timer.version.check=2018-05-04T13:03:20.305
14:41:11.312 [FXGL Launcher Thread     ] DEBUG GameApplication      - FXGL configuration complete
14:41:11.315 [FXGL Launcher Thread     ] INFO  GameApplication      - FXGL configuration took:  0.089 sec
14:41:11.316 [FXGL Launcher Thread     ] DEBUG GameApplication      - Logging game settings
Title: Basic Game
Version: 0.0
Width: 800
Height: 600
Fullscreen: false
Intro: false
Menus: false
Profiling: false
Single step:false
App Mode: DEVELOPER
Menu Key: ESCAPE
Stage Style: DECORATED
Scene Factory: class com.almasb.fxgl.scene.SceneFactory
Dialog Factory: class com.almasb.fxgl.ui.FXGLDialogFactory
UI Factory: class com.almasb.fxgl.ui.FXGLUIFactory
Notification Service: class com.almasb.fxgl.gameplay.notification.XboxNotificationView
Exception Handler: class com.almasb.fxgl.app.FXGLExceptionHandler
14:41:11.360 [FXGL Launcher Thread     ] DEBUG GameApplication      - Configuring GameApplication
14:41:11.364 [FXGL Launcher Thread     ] DEBUG AppStateMachine      - Initializing application states
14:41:11.375 [FXGL Launcher Thread     ] DEBUG AssetLoader          - Loading from disk: /assets/ui/cursors/fxgl_default.png
14:41:11.399 [FXGL Launcher Thread     ] DEBUG AssetLoader          - Loading from disk: /assets/ui/cursors/fxgl_default.png
14:41:11.409 [FXGL Launcher Thread     ] DEBUG AssetLoader          - Loading from disk: /assets/sounds/core/notification.wav
14:41:11.463 [FXGL Launcher Thread     ] DEBUG AssetLoader          - Loading from disk: /assets/sounds/menu/select.wav
14:41:11.464 [FXGL Launcher Thread     ] DEBUG AssetLoader          - Loading from disk: /assets/sounds/menu/back.wav
14:41:11.466 [FXGL Launcher Thread     ] DEBUG AssetLoader          - Loading from disk: /assets/sounds/menu/press.wav
14:41:11.468 [FXGL Launcher Thread     ] DEBUG AssetLoader          - Loading from disk: /assets/ui/fonts/VarelaRound-Regular.ttf
14:41:11.486 [FXGL Launcher Thread     ] DEBUG AssetLoader          - Loading from disk: /assets/ui/fonts/lucida_console.ttf
14:41:11.492 [FXGL Launcher Thread     ] DEBUG AssetLoader          - Loading from disk: /assets/ui/css/fxgl_dark.css
14:41:11.492 [FXGL Launcher Thread     ] DEBUG AssetLoader          - Loading from disk: /assets/ui/icons/fxgl_icon.png
14:41:11.512 [FXGL Launcher Thread     ] DEBUG AssetLoader          - Loading from disk: /assets/ui/cursors/fxgl_default.png
14:41:11.535 [FXGL Launcher Thread     ] DEBUG FXGL.GameScene       - Game scene initialized: 800x600
14:41:11.538 [FXGL Launcher Thread     ] DEBUG FXGL.GameWorld       - Game world initialized
14:41:11.587 [FXGL Launcher Thread     ] DEBUG FXGL.PhysicsWorld    - Physics world initialized: appHeight=600, physics.ppm=50.0
14:41:11.608 [FXGL Launcher Thread     ] DEBUG Input                - Registered new binding: Pause - Esc
14:41:11.620 [FXGL Launcher Thread     ] INFO  GameApplication      - Game configuration took:  0.259 sec
14:41:11.621 [JavaFX Application Thread] DEBUG MainWindow           - Target size: 800.0 x 600.0 @ 1.0
14:41:11.621 [JavaFX Application Thread] DEBUG MainWindow           - New size:    800.0 x 600.0 @ 1.0
14:41:11.622 [JavaFX Application Thread] DEBUG MainWindow           - Opening main window
14:41:11.681 [JavaFX Application Thread] DEBUG MainWindow           - Root size:  800.0x600.0
14:41:11.681 [JavaFX Application Thread] DEBUG MainWindow           - Scene size: 800.0x600.0
14:41:11.681 [JavaFX Application Thread] DEBUG MainWindow           - Stage size: 800.0x622.0
14:41:11.681 [JavaFX Application Thread] DEBUG GameApplication      - Running preInit()
14:41:11.682 [JavaFX Application Thread] WARN  AnnotationParser     - Main has no package or contains uppercase letters. Disabling annotations processing
14:41:11.688 [JavaFX Application Thread] DEBUG Input                - Registered new binding: Screenshot - P
14:41:11.688 [JavaFX Application Thread] DEBUG Input                - Registered new binding: Dev Options - CTRL+0
14:41:11.689 [JavaFX Application Thread] DEBUG Input                - Registered new binding: Shoot - LMB
14:41:11.721 [JavaFX Application Thread] DEBUG GameApplication      - Starting main loop
14:41:11.736 [JavaFX Application Thread] DEBUG StartupState         - STARTUP
14:41:11.737 [JavaFX Application Thread] DEBUG GameApplication      - Starting new game
14:41:11.737 [JavaFX Application Thread] DEBUG Input                - Clearing active input actions
14:41:11.737 [JavaFX Application Thread] DEBUG AppStateMachine      - StartupState -> LoadingState
14:41:11.766 [JavaFX Application Thread] WARN  AnnotationParser     - Main has no package or contains uppercase letters. Disabling annotations processing
14:41:11.766 [JavaFX Application Thread] DEBUG InitAppTask          - Parsing annotations
14:41:11.772 [FXGL Background Thread 1 ] DEBUG InitAppTask          - Clearing previous game
14:41:11.773 [FXGL Background Thread 1 ] DEBUG FXGL.GameWorld       - Clearing game world
14:41:11.773 [FXGL Background Thread 1 ] DEBUG FXGL.PhysicsWorld    - Clearing physics world
14:41:11.774 [FXGL Background Thread 1 ] DEBUG FXGL.GameScene       - Clearing game scene
14:41:11.774 [FXGL Background Thread 1 ] DEBUG InitAppTask          - Initializing Assets
14:41:11.775 [FXGL Background Thread 1 ] DEBUG InitAppTask          - Initializing Game
14:41:11.821 [FXGL Background Thread 1 ] DEBUG FXGL.GameScene       - Creating render group for layer: TOP(2147483647)
14:41:11.825 [FXGL Background Thread 1 ] DEBUG InitAppTask          - Initializing Physics
14:41:11.826 [FXGL Background Thread 1 ] DEBUG InitAppTask          - Initializing UI
14:41:11.826 [FXGL Background Thread 1 ] DEBUG InitAppTask          - Initialization Complete
14:41:11.826 [FXGL Background Thread 1 ] INFO  InitAppTask          - Game initialization took: 0.053 sec
14:41:11.859 [JavaFX Application Thread] DEBUG Input                - Clearing active input actions
14:41:11.859 [JavaFX Application Thread] DEBUG AppStateMachine      - LoadingState -> PlayState
14:42:31.683 [JavaFX Application Thread] DEBUG GameApplication      - Exiting game application
14:42:31.684 [JavaFX Application Thread] DEBUG GameApplication      - Shutting down background threads
14:42:31.685 [JavaFX Application Thread] DEBUG GameApplication      - Exiting FXGL
14:42:31.685 [JavaFX Application Thread] DEBUG FXGL                 - Saving FXGL system data
14:42:31.686 [JavaFX Application Thread] DEBUG IOTask               - Executing task: writeDataTask(system/fxgl.bundle)
14:42:31.688 [JavaFX Application Thread] DEBUG FS                   - Writing to: system/fxgl.bundle
14:42:31.691 [JavaFX Application Thread] DEBUG IOTask               - Task succeeded: writeDataTask(system/fxgl.bundle)
14:42:31.692 [JavaFX Application Thread] DEBUG GameApplication      - Closing logger and exiting JavaFX
