14:58:42.959 [JavaFX Application Thread] DEBUG GameApplication      - Logger initialized
14:58:43.408 [JavaFX Application Thread] DEBUG GameApplication      - Starting FXGL
14:58:43.408 [JavaFX Application Thread] INFO  Version              - FXGL-0.4.0
14:58:43.409 [JavaFX Application Thread] INFO  Version              - Source code and latest versions at: https://github.com/AlmasB/FXGL
14:58:43.409 [JavaFX Application Thread] INFO  Version              -              Join the FXGL chat at: https://gitter.im/AlmasB/FXGL
14:58:43.448 [FXGL Launcher Thread     ] DEBUG FXGL                 - Loading FXGL system data
14:58:43.454 [FXGL Launcher Thread     ] DEBUG IOTask               - Executing task: readDataTask(system/fxgl.bundle)
14:58:43.481 [FXGL Launcher Thread     ] DEBUG FS                   - Reading from: system/fxgl.bundle
14:58:43.497 [FXGL Launcher Thread     ] DEBUG IOTask               - Task succeeded: readDataTask(system/fxgl.bundle)
14:58:43.498 [FXGL Launcher Thread     ] DEBUG Bundle               - Logging bundle: FXGL
14:58:43.499 [FXGL Launcher Thread     ] DEBUG Bundle               - FXGL.offline.timer.version.check=2018-05-04T13:03:20.305
14:58:43.500 [FXGL Launcher Thread     ] DEBUG GameApplication      - FXGL configuration complete
14:58:43.503 [FXGL Launcher Thread     ] INFO  GameApplication      - FXGL configuration took:  0.090 sec
14:58:43.504 [FXGL Launcher Thread     ] DEBUG GameApplication      - Logging game settings
Title: Basic Game
Version: 0.0
Width: 800
Height: 600
Fullscreen: false
Intro: false
Menus: false
Profiling: false
Single step:false
App Mode: DEVELOPER
Menu Key: ESCAPE
Stage Style: DECORATED
Scene Factory: class com.almasb.fxgl.scene.SceneFactory
Dialog Factory: class com.almasb.fxgl.ui.FXGLDialogFactory
UI Factory: class com.almasb.fxgl.ui.FXGLUIFactory
Notification Service: class com.almasb.fxgl.gameplay.notification.XboxNotificationView
Exception Handler: class com.almasb.fxgl.app.FXGLExceptionHandler
14:58:43.554 [FXGL Launcher Thread     ] DEBUG GameApplication      - Configuring GameApplication
14:58:43.558 [FXGL Launcher Thread     ] DEBUG AppStateMachine      - Initializing application states
14:58:43.570 [FXGL Launcher Thread     ] DEBUG AssetLoader          - Loading from disk: /assets/ui/cursors/fxgl_default.png
14:58:43.594 [FXGL Launcher Thread     ] DEBUG AssetLoader          - Loading from disk: /assets/ui/cursors/fxgl_default.png
14:58:43.603 [FXGL Launcher Thread     ] DEBUG AssetLoader          - Loading from disk: /assets/sounds/core/notification.wav
14:58:43.665 [FXGL Launcher Thread     ] DEBUG AssetLoader          - Loading from disk: /assets/sounds/menu/select.wav
14:58:43.667 [FXGL Launcher Thread     ] DEBUG AssetLoader          - Loading from disk: /assets/sounds/menu/back.wav
14:58:43.669 [FXGL Launcher Thread     ] DEBUG AssetLoader          - Loading from disk: /assets/sounds/menu/press.wav
14:58:43.671 [FXGL Launcher Thread     ] DEBUG AssetLoader          - Loading from disk: /assets/ui/fonts/VarelaRound-Regular.ttf
14:58:43.689 [FXGL Launcher Thread     ] DEBUG AssetLoader          - Loading from disk: /assets/ui/fonts/lucida_console.ttf
14:58:43.696 [FXGL Launcher Thread     ] DEBUG AssetLoader          - Loading from disk: /assets/ui/css/fxgl_dark.css
14:58:43.697 [FXGL Launcher Thread     ] DEBUG AssetLoader          - Loading from disk: /assets/ui/icons/fxgl_icon.png
14:58:43.718 [FXGL Launcher Thread     ] DEBUG AssetLoader          - Loading from disk: /assets/ui/cursors/fxgl_default.png
14:58:43.743 [FXGL Launcher Thread     ] DEBUG FXGL.GameScene       - Game scene initialized: 800x600
14:58:43.747 [FXGL Launcher Thread     ] DEBUG FXGL.GameWorld       - Game world initialized
14:58:43.796 [FXGL Launcher Thread     ] DEBUG FXGL.PhysicsWorld    - Physics world initialized: appHeight=600, physics.ppm=50.0
14:58:43.818 [FXGL Launcher Thread     ] DEBUG Input                - Registered new binding: Pause - Esc
14:58:43.829 [FXGL Launcher Thread     ] INFO  GameApplication      - Game configuration took:  0.275 sec
14:58:43.831 [JavaFX Application Thread] DEBUG MainWindow           - Target size: 800.0 x 600.0 @ 1.0
14:58:43.831 [JavaFX Application Thread] DEBUG MainWindow           - New size:    800.0 x 600.0 @ 1.0
14:58:43.831 [JavaFX Application Thread] DEBUG MainWindow           - Opening main window
14:58:43.892 [JavaFX Application Thread] DEBUG MainWindow           - Root size:  800.0x600.0
14:58:43.892 [JavaFX Application Thread] DEBUG MainWindow           - Scene size: 800.0x600.0
14:58:43.892 [JavaFX Application Thread] DEBUG MainWindow           - Stage size: 800.0x622.0
14:58:43.892 [JavaFX Application Thread] DEBUG GameApplication      - Running preInit()
14:58:43.893 [JavaFX Application Thread] WARN  AnnotationParser     - Main has no package or contains uppercase letters. Disabling annotations processing
14:58:43.899 [JavaFX Application Thread] DEBUG Input                - Registered new binding: Screenshot - P
14:58:43.899 [JavaFX Application Thread] DEBUG Input                - Registered new binding: Dev Options - CTRL+0
14:58:43.901 [JavaFX Application Thread] DEBUG Input                - Registered new binding: Shoot - LMB
14:58:43.932 [JavaFX Application Thread] DEBUG GameApplication      - Starting main loop
14:58:43.947 [JavaFX Application Thread] DEBUG StartupState         - STARTUP
14:58:43.947 [JavaFX Application Thread] DEBUG GameApplication      - Starting new game
14:58:43.947 [JavaFX Application Thread] DEBUG Input                - Clearing active input actions
14:58:43.948 [JavaFX Application Thread] DEBUG AppStateMachine      - StartupState -> LoadingState
14:58:43.977 [JavaFX Application Thread] WARN  AnnotationParser     - Main has no package or contains uppercase letters. Disabling annotations processing
14:58:43.977 [JavaFX Application Thread] DEBUG InitAppTask          - Parsing annotations
14:58:43.984 [FXGL Background Thread 1 ] DEBUG InitAppTask          - Clearing previous game
14:58:43.984 [FXGL Background Thread 1 ] DEBUG FXGL.GameWorld       - Clearing game world
14:58:43.985 [FXGL Background Thread 1 ] DEBUG FXGL.PhysicsWorld    - Clearing physics world
14:58:43.985 [FXGL Background Thread 1 ] DEBUG FXGL.GameScene       - Clearing game scene
14:58:43.986 [FXGL Background Thread 1 ] DEBUG InitAppTask          - Initializing Assets
14:58:43.986 [FXGL Background Thread 1 ] DEBUG InitAppTask          - Initializing Game
14:58:44.034 [FXGL Background Thread 1 ] DEBUG FXGL.GameScene       - Creating render group for layer: TOP(2147483647)
14:58:44.039 [FXGL Background Thread 1 ] DEBUG InitAppTask          - Initializing Physics
14:58:44.042 [FXGL Background Thread 1 ] DEBUG InitAppTask          - Initializing UI
14:58:44.042 [FXGL Background Thread 1 ] DEBUG InitAppTask          - Initialization Complete
14:58:44.042 [FXGL Background Thread 1 ] INFO  InitAppTask          - Game initialization took: 0.058 sec
14:58:44.083 [JavaFX Application Thread] DEBUG Input                - Clearing active input actions
14:58:44.083 [JavaFX Application Thread] DEBUG AppStateMachine      - LoadingState -> PlayState
15:00:24.054 [JavaFX Application Thread] DEBUG GameApplication      - Exiting game application
15:00:24.055 [JavaFX Application Thread] DEBUG GameApplication      - Shutting down background threads
15:00:24.055 [JavaFX Application Thread] DEBUG GameApplication      - Exiting FXGL
15:00:24.056 [JavaFX Application Thread] DEBUG FXGL                 - Saving FXGL system data
15:00:24.056 [JavaFX Application Thread] DEBUG IOTask               - Executing task: writeDataTask(system/fxgl.bundle)
15:00:24.059 [JavaFX Application Thread] DEBUG FS                   - Writing to: system/fxgl.bundle
15:00:24.061 [JavaFX Application Thread] DEBUG IOTask               - Task succeeded: writeDataTask(system/fxgl.bundle)
15:00:24.062 [JavaFX Application Thread] DEBUG GameApplication      - Closing logger and exiting JavaFX
